<?xml version="1.0" encoding="UTF-8"?>
<testsuite name="schedulerTest" tests="2" skipped="0" failures="0" errors="0" timestamp="2019-02-03T04:26:54" hostname="Ivans-MacBook-Pro.local" time="0.002">
  <properties/>
  <testcase name="doesSwitchOutlet" classname="schedulerTest" time="0.001"/>
  <testcase name="doesSwitchBulb" classname="schedulerTest" time="0.001"/>
  <system-out><![CDATA[]]></system-out>
  <system-err><![CDATA[]]></system-err>
</testsuite>
